2024-10-27 16:22:09,455 DEBUG [main] o.s.b.f.s.DefaultListableBeanFactory [DefaultSingletonBeanRegistry.java:225] 
Creating shared instance of singleton bean 'org.springframework.boot.autoconfigure.jackson.JacksonAutoConfiguration$Jackson2ObjectMapperBuilderCustomizerConfiguration'
2024-10-27 16:22:09,459 DEBUG [main] o.s.b.f.s.DefaultListableBeanFactory [DefaultSingletonBeanRegistry.java:225] 
Creating shared instance of singleton bean 'spring.jackson-org.springframework.boot.autoconfigure.jackson.JacksonProperties'
2024-10-27 16:22:09,466 DEBUG [main] o.s.b.f.s.DefaultListableBeanFactory [ConstructorResolver.java:808] 
Autowiring by type from bean name 'standardJacksonObjectMapperBuilderCustomizer' via factory method to bean named 'org.springframework.boot.web.servlet.context.AnnotationConfigServletWebServerApplicationContext@53e211ee'
2024-10-27 16:22:09,468 DEBUG [main] o.s.b.f.s.DefaultListableBeanFactory [ConstructorResolver.java:808] 
Autowiring by type from bean name 'standardJacksonObjectMapperBuilderCustomizer' via factory method to bean named 'spring.jackson-org.springframework.boot.autoconfigure.jackson.JacksonProperties'
2024-10-27 16:22:09,470 DEBUG [main] o.s.b.f.s.DefaultListableBeanFactory [ConstructorResolver.java:808] 
Autowiring by type from bean name 'jacksonObjectMapperBuilder' via factory method to bean named 'org.springframework.boot.web.servlet.context.AnnotationConfigServletWebServerApplicationContext@53e211ee'
2024-10-27 16:22:09,470 DEBUG [main] o.s.b.f.s.DefaultListableBeanFactory [ConstructorResolver.java:808] 
Autowiring by type from bean name 'jacksonObjectMapperBuilder' via factory method to bean named 'standardJacksonObjectMapperBuilderCustomizer'
2024-10-27 16:22:09,475 DEBUG [main] o.s.b.f.s.DefaultListableBeanFactory [DefaultSingletonBeanRegistry.java:225] 
Creating shared instance of singleton bean 'parameterNamesModule'
2024-10-27 16:22:09,476 DEBUG [main] o.s.b.f.s.DefaultListableBeanFactory [DefaultSingletonBeanRegistry.java:225] 
Creating shared instance of singleton bean 'org.springframework.boot.autoconfigure.jackson.JacksonAutoConfiguration$ParameterNamesModuleConfiguration'
2024-10-27 16:22:09,485 DEBUG [main] o.s.b.f.s.DefaultListableBeanFactory [DefaultSingletonBeanRegistry.java:225] 
Creating shared instance of singleton bean 'jsonComponentModule'
2024-10-27 16:22:09,486 DEBUG [main] o.s.b.f.s.DefaultListableBeanFactory [DefaultSingletonBeanRegistry.java:225] 
Creating shared instance of singleton bean 'org.springframework.boot.autoconfigure.jackson.JacksonAutoConfiguration'
2024-10-27 16:22:09,496 DEBUG [main] o.s.b.f.s.DefaultListableBeanFactory [DefaultSingletonBeanRegistry.java:225] 
Creating shared instance of singleton bean 'jsonMixinModule'
2024-10-27 16:22:09,497 DEBUG [main] o.s.b.f.s.DefaultListableBeanFactory [ConstructorResolver.java:808] 
Autowiring by type from bean name 'jsonMixinModule' via factory method to bean named 'org.springframework.boot.web.servlet.context.AnnotationConfigServletWebServerApplicationContext@53e211ee'
2024-10-27 16:22:09,498 DEBUG [main] o.s.b.a.AutoConfigurationPackages [AutoConfigurationPackages.java:196] 
@EnableAutoConfiguration was declared on a class in the package 'com.nws.api'. Automatic @Repository and @Entity scanning is enabled.
2024-10-27 16:22:09,510 DEBUG [main] o.s.b.f.s.DefaultListableBeanFactory [ConstructorResolver.java:808] 
Autowiring by type from bean name 'jacksonObjectMapper' via factory method to bean named 'jacksonObjectMapperBuilder'
2024-10-27 16:22:09,530 DEBUG [main] o.s.b.f.s.DefaultListableBeanFactory [ConstructorResolver.java:808] 
Autowiring by type from bean name 'mappingJackson2HttpMessageConverter' via factory method to bean named 'jacksonObjectMapper'
2024-10-27 16:22:09,542 DEBUG [main] o.s.b.f.s.DefaultListableBeanFactory [DefaultSingletonBeanRegistry.java:225] 
Creating shared instance of singleton bean 'applicationTaskExecutor'
2024-10-27 16:22:09,543 DEBUG [main] o.s.b.f.s.DefaultListableBeanFactory [ConstructorResolver.java:808] 
Autowiring by type from bean name 'applicationTaskExecutor' via factory method to bean named 'taskExecutorBuilder'
2024-10-27 16:22:09,552 DEBUG [main] o.s.s.c.ThreadPoolTaskExecutor [ExecutorConfigurationSupport.java:181] 
Initializing ExecutorService 'applicationTaskExecutor'
2024-10-27 16:22:09,574 DEBUG [main] o.s.w.s.m.m.a.RequestMappingHandlerAdapter [RequestMappingHandlerAdapter.java:625] 
ControllerAdvice beans: 0 @ModelAttribute, 0 @InitBinder, 1 RequestBodyAdvice, 1 ResponseBodyAdvice
2024-10-27 16:22:09,627 DEBUG [main] o.s.b.f.s.DefaultListableBeanFactory [DefaultSingletonBeanRegistry.java:225] 
Creating shared instance of singleton bean 'welcomePageHandlerMapping'
2024-10-27 16:22:09,631 DEBUG [main] o.s.b.f.s.DefaultListableBeanFactory [DefaultSingletonBeanRegistry.java:225] 
Creating shared instance of singleton bean 'mvcResourceUrlProvider'
2024-10-27 16:22:09,641 DEBUG [main] o.s.b.f.s.DefaultListableBeanFactory [ConstructorResolver.java:808] 
Autowiring by type from bean name 'welcomePageHandlerMapping' via factory method to bean named 'org.springframework.boot.web.servlet.context.AnnotationConfigServletWebServerApplicationContext@53e211ee'
2024-10-27 16:22:09,641 DEBUG [main] o.s.b.f.s.DefaultListableBeanFactory [ConstructorResolver.java:808] 
Autowiring by type from bean name 'welcomePageHandlerMapping' via factory method to bean named 'mvcConversionService'
2024-10-27 16:22:09,641 DEBUG [main] o.s.b.f.s.DefaultListableBeanFactory [ConstructorResolver.java:808] 
Autowiring by type from bean name 'welcomePageHandlerMapping' via factory method to bean named 'mvcResourceUrlProvider'
2024-10-27 16:22:09,660 DEBUG [main] o.s.b.f.s.DefaultListableBeanFactory [DefaultSingletonBeanRegistry.java:225] 
Creating shared instance of singleton bean 'localeResolver'
2024-10-27 16:22:09,663 DEBUG [main] o.s.b.f.s.DefaultListableBeanFactory [DefaultSingletonBeanRegistry.java:225] 
Creating shared instance of singleton bean 'themeResolver'
2024-10-27 16:22:09,665 DEBUG [main] o.s.b.f.s.DefaultListableBeanFactory [DefaultSingletonBeanRegistry.java:225] 
Creating shared instance of singleton bean 'flashMapManager'
2024-10-27 16:22:09,670 DEBUG [main] o.s.b.f.s.DefaultListableBeanFactory [DefaultSingletonBeanRegistry.java:225] 
Creating shared instance of singleton bean 'requestMappingHandlerMapping'
2024-10-27 16:22:09,672 DEBUG [main] o.s.b.f.s.DefaultListableBeanFactory [ConstructorResolver.java:808] 
Autowiring by type from bean name 'requestMappingHandlerMapping' via factory method to bean named 'mvcContentNegotiationManager'
2024-10-27 16:22:09,672 DEBUG [main] o.s.b.f.s.DefaultListableBeanFactory [ConstructorResolver.java:808] 
Autowiring by type from bean name 'requestMappingHandlerMapping' via factory method to bean named 'mvcConversionService'
2024-10-27 16:22:09,672 DEBUG [main] o.s.b.f.s.DefaultListableBeanFactory [ConstructorResolver.java:808] 
Autowiring by type from bean name 'requestMappingHandlerMapping' via factory method to bean named 'mvcResourceUrlProvider'
2024-10-27 16:22:09,739 DEBUG [main] _.s.w.s.H.Mappings [AbstractHandlerMethodMapping.java:295] 

	c.n.a.c.Controllers:
	{GET [/api/v1/test]}: getName()
2024-10-27 16:22:09,751 DEBUG [main] _.s.w.s.H.Mappings [AbstractHandlerMethodMapping.java:295] 

	c.n.a.c.DiamControllerVer1:
	{GET [/api/v1/GetGISMap/{accountId}/{lat}/{long}], produces [application/json]}: getRecordsCS(Optional,Optional,Optional,HttpServletRequest,HttpServletResponse)
	{GET [/api/v1/GetBillsDetails], produces [application/json]}: getBillDetails(String,String,HttpServletRequest,HttpServletResponse,Map)
	{GET [/api/v1/GetBill64], produces [application/json]}: getBill64(String,String,HttpServletRequest,HttpServletResponse,Map)
	{POST [/api/v1/getmeterreading], produces [application/json]}: getMeterReading(HttpServletRequest,HttpServletResponse,MeterReading,Map)
	{GET [/api/v1/GetBillsSummary], produces [application/json]}: getBillSummary(String,String,HttpServletRequest,HttpServletResponse,Map)
	{GET [/api/v1/GetGroupBillsInfo], produces [application/json]}: getGroupBillInfo(String,String,String,HttpServletRequest,HttpServletResponse,Map)
	{GET [/api/v1/getBillData], produces [application/json]}: getBillDataService(String,String,HttpServletRequest,HttpServletResponse,Map)
	{GET [/api/v1/GetBillPdf], produces [application/json]}: getBillPdf(String,String,HttpServletRequest,HttpServletResponse,Map)
	{GET [/api/v1/InquiryPayment], produces [application/json]}: inquiryPayment(String,String,HttpServletRequest,HttpServletResponse,Map)
	{GET [/api/v1/GetGISDetails/{accountId}/{lat}], produces [application/json]}: getRecordsGISServiceWithAccontIdAndLat(Optional,Optional,Optional,HttpServletRequest,HttpServletResponse,Map)
	{POST [/api/v1/getplotdetailsbycrookie], produces [application/xml]}: getPlotDetailsByCrookie(Envelope,HttpServletRequest,HttpServletResponse)
	{GET [/api/v1/GetGISDetails/{accountId}], produces [application/json]}: getRecordsGISServiceWithAccontId(Optional,Optional,Optional,HttpServletRequest,HttpServletResponse,Map)
	{POST [/api/v1/getsocialbenefitdata], produces [application/xml]}: getSocialBenefitData(Envelope,HttpServletRequest,HttpServletResponse)
	{GET [/api/v1/GetGISMap/{accountId}], produces [application/json]}: getRecordsCSOnlyAccountID(Optional,Optional,Optional,HttpServletRequest,HttpServletResponse)
	{GET [/api/v1/GetGISDetails/{accountId}/{lat}/{long}], produces [application/json]}: getRecordsGISService(Optional,Optional,Optional,HttpServletRequest,HttpServletResponse,Map)
	{GET [/api/v1/GetGISMap/{accountId}/{lat}], produces [application/json]}: getRecordsCSOnlyAccountIDAndLat(Optional,Optional,Optional,HttpServletRequest,HttpServletResponse)
	{GET [/api/v1/GetGroupBillDetails], produces [application/json]}: getGroupBillDetails(String,String,String,HttpServletRequest,HttpServletResponse,Map)
2024-10-27 16:22:09,770 DEBUG [main] _.s.w.s.H.Mappings [AbstractHandlerMethodMapping.java:295] 

	c.n.a.c.DiamControllerVer2:
	{GET [/api/v2/GetGISMap/{accountId}/{lat}/{long}], produces [application/json]}: getRecordsCS(Optional,Optional,Optional,HttpServletRequest,HttpServletResponse)
	{GET [/api/v2/GetBillsDetails], produces [application/json]}: getBillDetails(String,String,HttpServletRequest,HttpServletResponse,Map)
	{GET [/api/v2/GetBill64], produces [application/json]}: getBill64(String,String,HttpServletRequest,HttpServletResponse,Map)
	{POST [/api/v2/getmeterreading], produces [application/json]}: getMeterReading(HttpServletRequest,HttpServletResponse,MeterReading,Map)
	{GET [/api/v2/GetBillsSummary], produces [application/json]}: getBillSummary(String,String,HttpServletRequest,HttpServletResponse,Map)
	{GET [/api/v2/GetGroupBillsInfo], produces [application/json]}: getGroupBillInfo(String,String,String,HttpServletRequest,HttpServletResponse,Map)
	{GET [/api/v2/getBillData], produces [application/json]}: getBillDataService(String,String,HttpServletRequest,HttpServletResponse,Map)
	{GET [/api/v2/GetBillPdf], produces [application/json]}: getBillPdf(String,String,HttpServletRequest,HttpServletResponse,Map)
	{GET [/api/v2/InquiryPayment], produces [application/json]}: inquiryPayment(String,String,HttpServletRequest,HttpServletResponse,Map)
	{GET [/api/v2/test]}: testApi()
	{GET [/api/v2/GetGISDetails/{accountId}/{lat}], produces [application/json]}: getRecordsGISServiceWithAccontIdAndLat(Optional,Optional,Optional,HttpServletRequest,HttpServletResponse,Map)
	{POST [/api/v2/getplotdetailsbycrookie], produces [application/xml]}: getPlotDetailsByCrookie(Envelope,HttpServletRequest,HttpServletResponse)
	{GET [/api/v2/getDataFromDb]}: getEncryptionStatus(String)
	{GET [/api/v2/GetGISDetails/{accountId}], produces [application/json]}: getRecordsGISServiceWithAccontId(Optional,Optional,Optional,HttpServletRequest,HttpServletResponse,Map)
	{POST [/api/v2/getsocialbenefitdata], produces [application/xml]}: getSocialBenefitData(Envelope,HttpServletRequest,HttpServletResponse)
	{GET [/api/v2/GetGISMap/{accountId}], produces [application/json]}: getRecordsCSOnlyAccountID(Optional,Optional,Optional,HttpServletRequest,HttpServletResponse)
	{GET [/api/v2/GetGISDetails/{accountId}/{lat}/{long}], produces [application/json]}: getRecordsGISService(Optional,Optional,Optional,HttpServletRequest,HttpServletResponse,Map)
	{GET [/api/v2/GetGISMap/{accountId}/{lat}], produces [application/json]}: getRecordsCSOnlyAccountIDAndLat(Optional,Optional,Optional,HttpServletRequest,HttpServletResponse)
	{POST [/api/v2/gettrafficinformaton], produces [application/xml]}: getTrafficInformation(String,HttpServletRequest,HttpServletResponse)
	{GET [/api/v2/getBillDataTest], produces [application/json]}: getBillDataService1(String,String)
	{POST [/api/v2/getpersoninformation], produces [application/xml]}: getPersonInformation(String,HttpServletRequest,HttpServletResponse)
	{POST [/api/v2/getplotdetailsbycrookieTest], produces [application/xml]}: getPlotDetailsByCrookieTest(Envelope,HttpServletRequest,HttpServletResponse)
	{GET [/api/v2/GetGroupBillDetails], produces [application/json]}: getGroupBillDetails(String,String,String,HttpServletRequest,HttpServletResponse,Map)
2024-10-27 16:22:09,784 DEBUG [main] _.s.w.s.H.Mappings [AbstractHandlerMethodMapping.java:295] 

	o.s.b.a.w.s.e.BasicErrorController:
	{ [/error], produces [text/html]}: errorHtml(HttpServletRequest,HttpServletResponse)
	{ [/error]}: error(HttpServletRequest)
2024-10-27 16:22:09,791 DEBUG [main] o.s.w.s.m.m.a.RequestMappingHandlerMapping [AbstractHandlerMethodMapping.java:367] 
43 mappings in 'requestMappingHandlerMapping'
2024-10-27 16:22:09,793 DEBUG [main] o.s.b.f.s.DefaultListableBeanFactory [DefaultSingletonBeanRegistry.java:225] 
Creating shared instance of singleton bean 'mvcPatternParser'
2024-10-27 16:22:09,804 DEBUG [main] o.s.b.f.s.DefaultListableBeanFactory [DefaultSingletonBeanRegistry.java:225] 
Creating shared instance of singleton bean 'mvcUrlPathHelper'
2024-10-27 16:22:09,805 DEBUG [main] o.s.b.f.s.DefaultListableBeanFactory [DefaultSingletonBeanRegistry.java:225] 
Creating shared instance of singleton bean 'mvcPathMatcher'
2024-10-27 16:22:09,817 DEBUG [main] o.s.b.f.s.DefaultListableBeanFactory [DefaultSingletonBeanRegistry.java:225] 
Creating shared instance of singleton bean 'viewControllerHandlerMapping'
2024-10-27 16:22:09,822 DEBUG [main] o.s.b.f.s.DefaultListableBeanFactory [ConstructorResolver.java:808] 
Autowiring by type from bean name 'viewControllerHandlerMapping' via factory method to bean named 'mvcConversionService'
2024-10-27 16:22:09,824 DEBUG [main] o.s.b.f.s.DefaultListableBeanFactory [ConstructorResolver.java:808] 
Autowiring by type from bean name 'viewControllerHandlerMapping' via factory method to bean named 'mvcResourceUrlProvider'
2024-10-27 16:22:09,826 DEBUG [main] o.s.b.f.s.DefaultListableBeanFactory [DefaultSingletonBeanRegistry.java:225] 
Creating shared instance of singleton bean 'beanNameHandlerMapping'
2024-10-27 16:22:09,828 DEBUG [main] o.s.b.f.s.DefaultListableBeanFactory [ConstructorResolver.java:808] 
Autowiring by type from bean name 'beanNameHandlerMapping' via factory method to bean named 'mvcConversionService'
2024-10-27 16:22:09,828 DEBUG [main] o.s.b.f.s.DefaultListableBeanFactory [ConstructorResolver.java:808] 
Autowiring by type from bean name 'beanNameHandlerMapping' via factory method to bean named 'mvcResourceUrlProvider'
2024-10-27 16:22:09,835 DEBUG [main] _.s.w.s.H.Mappings [AbstractDetectingUrlHandlerMapping.java:86] 
'beanNameHandlerMapping' {}
2024-10-27 16:22:09,839 DEBUG [main] o.s.b.f.s.DefaultListableBeanFactory [DefaultSingletonBeanRegistry.java:225] 
Creating shared instance of singleton bean 'routerFunctionMapping'
2024-10-27 16:22:09,852 DEBUG [main] o.s.b.f.s.DefaultListableBeanFactory [ConstructorResolver.java:808] 
Autowiring by type from bean name 'routerFunctionMapping' via factory method to bean named 'mvcConversionService'
2024-10-27 16:22:09,853 DEBUG [main] o.s.b.f.s.DefaultListableBeanFactory [ConstructorResolver.java:808] 
Autowiring by type from bean name 'routerFunctionMapping' via factory method to bean named 'mvcResourceUrlProvider'
2024-10-27 16:22:09,862 DEBUG [main] o.s.b.f.s.DefaultListableBeanFactory [DefaultSingletonBeanRegistry.java:225] 
Creating shared instance of singleton bean 'resourceHandlerMapping'
2024-10-27 16:22:09,867 DEBUG [main] o.s.b.f.s.DefaultListableBeanFactory [ConstructorResolver.java:808] 
Autowiring by type from bean name 'resourceHandlerMapping' via factory method to bean named 'mvcContentNegotiationManager'
2024-10-27 16:22:09,877 DEBUG [main] o.s.b.f.s.DefaultListableBeanFactory [ConstructorResolver.java:808] 
Autowiring by type from bean name 'resourceHandlerMapping' via factory method to bean named 'mvcConversionService'
2024-10-27 16:22:09,877 DEBUG [main] o.s.b.f.s.DefaultListableBeanFactory [ConstructorResolver.java:808] 
Autowiring by type from bean name 'resourceHandlerMapping' via factory method to bean named 'mvcResourceUrlProvider'
2024-10-27 16:22:09,904 DEBUG [main] _.s.w.s.H.Mappings [SimpleUrlHandlerMapping.java:177] 
'resourceHandlerMapping' {/webjars/**=ResourceHttpRequestHandler [classpath [META-INF/resources/webjars/]], /**=ResourceHttpRequestHandler [classpath [META-INF/resources/], classpath [resources/], classpath [static/], classpath [public/], ServletContext [/]]}
2024-10-27 16:22:09,907 DEBUG [main] o.s.b.f.s.DefaultListableBeanFactory [DefaultSingletonBeanRegistry.java:225] 
Creating shared instance of singleton bean 'defaultServletHandlerMapping'
2024-10-27 16:22:09,908 DEBUG [main] o.s.b.f.s.DefaultListableBeanFactory [DefaultSingletonBeanRegistry.java:225] 
Creating shared instance of singleton bean 'handlerFunctionAdapter'
2024-10-27 16:22:09,911 DEBUG [main] o.s.b.f.s.DefaultListableBeanFactory [DefaultSingletonBeanRegistry.java:225] 
Creating shared instance of singleton bean 'mvcUriComponentsContributor'
2024-10-27 16:22:09,918 DEBUG [main] o.s.b.f.s.DefaultListableBeanFactory [ConstructorResolver.java:808] 
Autowiring by type from bean name 'mvcUriComponentsContributor' via factory method to bean named 'mvcConversionService'
2024-10-27 16:22:09,919 DEBUG [main] o.s.b.f.s.DefaultListableBeanFactory [ConstructorResolver.java:808] 
Autowiring by type from bean name 'mvcUriComponentsContributor' via factory method to bean named 'requestMappingHandlerAdapter'
2024-10-27 16:22:09,925 DEBUG [main] o.s.b.f.s.DefaultListableBeanFactory [DefaultSingletonBeanRegistry.java:225] 
Creating shared instance of singleton bean 'httpRequestHandlerAdapter'
2024-10-27 16:22:09,932 DEBUG [main] o.s.b.f.s.DefaultListableBeanFactory [DefaultSingletonBeanRegistry.java:225] 
Creating shared instance of singleton bean 'simpleControllerHandlerAdapter'
2024-10-27 16:22:09,939 DEBUG [main] o.s.b.f.s.DefaultListableBeanFactory [DefaultSingletonBeanRegistry.java:225] 
Creating shared instance of singleton bean 'handlerExceptionResolver'
2024-10-27 16:22:09,941 DEBUG [main] o.s.b.f.s.DefaultListableBeanFactory [ConstructorResolver.java:808] 
Autowiring by type from bean name 'handlerExceptionResolver' via factory method to bean named 'mvcContentNegotiationManager'
2024-10-27 16:22:09,950 DEBUG [main] o.s.w.s.m.m.a.ExceptionHandlerExceptionResolver [ExceptionHandlerExceptionResolver.java:307] 
ControllerAdvice beans: 1 @ExceptionHandler, 1 ResponseBodyAdvice
